{
  "stats": {
    "suites": 1,
    "tests": 11,
    "passes": 11,
    "pending": 0,
    "failures": 0,
    "start": "2021-03-15T00:37:31.475Z",
    "end": "2021-03-15T00:38:46.090Z",
    "duration": 74615,
    "testsRegistered": 11,
    "passPercent": 100,
    "pendingPercent": 0,
    "other": 0,
    "hasOther": false,
    "skipped": 0,
    "hasSkipped": false
  },
  "results": [
    {
      "uuid": "2306db4e-12bc-4312-9e6f-56b1af1aa3b8",
      "title": "",
      "fullFile": "cypress/integration/Home.feature",
      "file": "cypress/integration/Home.feature",
      "beforeHooks": [],
      "afterHooks": [],
      "tests": [],
      "suites": [
        {
          "uuid": "578cba75-6938-47de-8297-b40c6243476a",
          "title": "Realizar Testes da Interface de Cadastro de Usuarios da Stefanini",
          "fullFile": "",
          "file": "",
          "beforeHooks": [],
          "afterHooks": [],
          "tests": [
            {
              "title": "Validar os campos vazios - Cenario 1",
              "fullTitle": "Realizar Testes da Interface de Cadastro de Usuarios da Stefanini Validar os campos vazios - Cenario 1",
              "timedOut": null,
              "duration": 4540,
              "state": "passed",
              "speed": "slow",
              "pass": true,
              "fail": false,
              "pending": false,
              "context": "[\n  {\n    \"title\": \"Screenshot\",\n    \"value\": \"screenshots/Home.feature/Alex.png\"\n  },\n  {\n    \"title\": \"Screenshot\",\n    \"value\": \"screenshots/Home.feature/Tela acessada com Sucesso.png\"\n  },\n  {\n    \"title\": \"Screenshot\",\n    \"value\": \"screenshots/Home.feature/Label Validada com sucesso.png\"\n  },\n  {\n    \"title\": \"Screenshot\",\n    \"value\": \"screenshots/Home.feature/Campos Estão vazios.png\"\n  }\n]",
              "code": "const state = window.testState;\nreturn cy\n  .then(() => state.onStartScenario(scenario, indexedSteps))\n  .then(() =>\n    resolveAndRunBeforeHooks.call(this, scenario.tags, state.feature.name)\n  )\n  .then(() =>\n    indexedSteps.forEach((step) =>\n      stepTest.call(this, state, step, rowData)\n    )\n  )\n  .then(() =>\n    resolveAndRunAfterHooks.call(this, scenario.tags, state.feature.name)\n  )\n  .then(() => state.onFinishScenario(scenario));",
              "err": {},
              "uuid": "f4a655e1-598d-46e6-b239-a4ee766484e9",
              "parentUUID": "578cba75-6938-47de-8297-b40c6243476a",
              "isHook": false,
              "skipped": false
            },
            {
              "title": "Validar Mensagem de Campos Obrigatorios - Nome - Cenario 2 (example #1)",
              "fullTitle": "Realizar Testes da Interface de Cadastro de Usuarios da Stefanini Validar Mensagem de Campos Obrigatorios - Nome - Cenario 2 (example #1)",
              "timedOut": null,
              "duration": 4976,
              "state": "passed",
              "speed": "slow",
              "pass": true,
              "fail": false,
              "pending": false,
              "context": "[\n  {\n    \"title\": \"Screenshot\",\n    \"value\": \"screenshots/Home.feature/Alex (1).png\"\n  },\n  {\n    \"title\": \"Screenshot\",\n    \"value\": \"screenshots/Home.feature/Tela acessada com Sucesso (1).png\"\n  },\n  {\n    \"title\": \"Screenshot\",\n    \"value\": \"screenshots/Home.feature/Campo texto Preenchido.png\"\n  },\n  {\n    \"title\": \"Screenshot\",\n    \"value\": \"screenshots/Home.feature/Campo texto Preenchido (1).png\"\n  },\n  {\n    \"title\": \"Screenshot\",\n    \"value\": \"screenshots/Home.feature/Usuário Cadastrado.png\"\n  },\n  {\n    \"title\": \"Screenshot\",\n    \"value\": \"screenshots/Home.feature/Texto Validado.png\"\n  }\n]",
              "code": "const state = window.testState;\nreturn cy\n  .then(() => state.onStartScenario(scenario, indexedSteps))\n  .then(() =>\n    resolveAndRunBeforeHooks.call(this, scenario.tags, state.feature.name)\n  )\n  .then(() =>\n    indexedSteps.forEach((step) =>\n      stepTest.call(this, state, step, rowData)\n    )\n  )\n  .then(() =>\n    resolveAndRunAfterHooks.call(this, scenario.tags, state.feature.name)\n  )\n  .then(() => state.onFinishScenario(scenario));",
              "err": {},
              "uuid": "609c8c81-475e-4160-a55f-43f7daf78e0a",
              "parentUUID": "578cba75-6938-47de-8297-b40c6243476a",
              "isHook": false,
              "skipped": false
            },
            {
              "title": "Validar Mensagem de Campos Obrigatorios - Email - Cenario 3 (example #1)",
              "fullTitle": "Realizar Testes da Interface de Cadastro de Usuarios da Stefanini Validar Mensagem de Campos Obrigatorios - Email - Cenario 3 (example #1)",
              "timedOut": null,
              "duration": 4345,
              "state": "passed",
              "speed": "slow",
              "pass": true,
              "fail": false,
              "pending": false,
              "context": "[\n  {\n    \"title\": \"Screenshot\",\n    \"value\": \"screenshots/Home.feature/Alex (2).png\"\n  },\n  {\n    \"title\": \"Screenshot\",\n    \"value\": \"screenshots/Home.feature/Tela acessada com Sucesso (2).png\"\n  },\n  {\n    \"title\": \"Screenshot\",\n    \"value\": \"screenshots/Home.feature/Campo texto Preenchido (2).png\"\n  },\n  {\n    \"title\": \"Screenshot\",\n    \"value\": \"screenshots/Home.feature/Campo texto Preenchido (3).png\"\n  },\n  {\n    \"title\": \"Screenshot\",\n    \"value\": \"screenshots/Home.feature/Usuário Cadastrado (1).png\"\n  },\n  {\n    \"title\": \"Screenshot\",\n    \"value\": \"screenshots/Home.feature/Texto Validado (1).png\"\n  }\n]",
              "code": "const state = window.testState;\nreturn cy\n  .then(() => state.onStartScenario(scenario, indexedSteps))\n  .then(() =>\n    resolveAndRunBeforeHooks.call(this, scenario.tags, state.feature.name)\n  )\n  .then(() =>\n    indexedSteps.forEach((step) =>\n      stepTest.call(this, state, step, rowData)\n    )\n  )\n  .then(() =>\n    resolveAndRunAfterHooks.call(this, scenario.tags, state.feature.name)\n  )\n  .then(() => state.onFinishScenario(scenario));",
              "err": {},
              "uuid": "e9c3c8ed-e831-4af3-9252-5ea0f50d1a4b",
              "parentUUID": "578cba75-6938-47de-8297-b40c6243476a",
              "isHook": false,
              "skipped": false
            },
            {
              "title": "Validar Mensagem de Campos Obrigatorios - Senha - Cenario 4 (example #1)",
              "fullTitle": "Realizar Testes da Interface de Cadastro de Usuarios da Stefanini Validar Mensagem de Campos Obrigatorios - Senha - Cenario 4 (example #1)",
              "timedOut": null,
              "duration": 4542,
              "state": "passed",
              "speed": "slow",
              "pass": true,
              "fail": false,
              "pending": false,
              "context": "[\n  {\n    \"title\": \"Screenshot\",\n    \"value\": \"screenshots/Home.feature/Alex (3).png\"\n  },\n  {\n    \"title\": \"Screenshot\",\n    \"value\": \"screenshots/Home.feature/Tela acessada com Sucesso (3).png\"\n  },\n  {\n    \"title\": \"Screenshot\",\n    \"value\": \"screenshots/Home.feature/Campo texto Preenchido (4).png\"\n  },\n  {\n    \"title\": \"Screenshot\",\n    \"value\": \"screenshots/Home.feature/Campo texto Preenchido (5).png\"\n  },\n  {\n    \"title\": \"Screenshot\",\n    \"value\": \"screenshots/Home.feature/Usuário Cadastrado (2).png\"\n  },\n  {\n    \"title\": \"Screenshot\",\n    \"value\": \"screenshots/Home.feature/Texto Validado (2).png\"\n  }\n]",
              "code": "const state = window.testState;\nreturn cy\n  .then(() => state.onStartScenario(scenario, indexedSteps))\n  .then(() =>\n    resolveAndRunBeforeHooks.call(this, scenario.tags, state.feature.name)\n  )\n  .then(() =>\n    indexedSteps.forEach((step) =>\n      stepTest.call(this, state, step, rowData)\n    )\n  )\n  .then(() =>\n    resolveAndRunAfterHooks.call(this, scenario.tags, state.feature.name)\n  )\n  .then(() => state.onFinishScenario(scenario));",
              "err": {},
              "uuid": "6fd6d406-3983-4aa2-b3d8-732eaff64223",
              "parentUUID": "578cba75-6938-47de-8297-b40c6243476a",
              "isHook": false,
              "skipped": false
            },
            {
              "title": "Validar Mensagem de Campos Obrigatorios não preenchido  - Cenario 5 (example #1)",
              "fullTitle": "Realizar Testes da Interface de Cadastro de Usuarios da Stefanini Validar Mensagem de Campos Obrigatorios não preenchido  - Cenario 5 (example #1)",
              "timedOut": null,
              "duration": 3807,
              "state": "passed",
              "speed": "slow",
              "pass": true,
              "fail": false,
              "pending": false,
              "context": "[\n  {\n    \"title\": \"Screenshot\",\n    \"value\": \"screenshots/Home.feature/Alex (4).png\"\n  },\n  {\n    \"title\": \"Screenshot\",\n    \"value\": \"screenshots/Home.feature/Tela acessada com Sucesso (4).png\"\n  },\n  {\n    \"title\": \"Screenshot\",\n    \"value\": \"screenshots/Home.feature/Usuário Cadastrado (3).png\"\n  },\n  {\n    \"title\": \"Screenshot\",\n    \"value\": \"screenshots/Home.feature/Texto Validado (3).png\"\n  },\n  {\n    \"title\": \"Screenshot\",\n    \"value\": \"screenshots/Home.feature/Texto Validado (4).png\"\n  },\n  {\n    \"title\": \"Screenshot\",\n    \"value\": \"screenshots/Home.feature/Texto Validado (5).png\"\n  }\n]",
              "code": "const state = window.testState;\nreturn cy\n  .then(() => state.onStartScenario(scenario, indexedSteps))\n  .then(() =>\n    resolveAndRunBeforeHooks.call(this, scenario.tags, state.feature.name)\n  )\n  .then(() =>\n    indexedSteps.forEach((step) =>\n      stepTest.call(this, state, step, rowData)\n    )\n  )\n  .then(() =>\n    resolveAndRunAfterHooks.call(this, scenario.tags, state.feature.name)\n  )\n  .then(() => state.onFinishScenario(scenario));",
              "err": {},
              "uuid": "97a0576e-9b52-4c14-81ea-e0b38d0d01c6",
              "parentUUID": "578cba75-6938-47de-8297-b40c6243476a",
              "isHook": false,
              "skipped": false
            },
            {
              "title": "Validar Mensagem de Campo Nome Parcialmente Preenchido - Nome Parcial  - Cenario 6 (example #1)",
              "fullTitle": "Realizar Testes da Interface de Cadastro de Usuarios da Stefanini Validar Mensagem de Campo Nome Parcialmente Preenchido - Nome Parcial  - Cenario 6 (example #1)",
              "timedOut": null,
              "duration": 5318,
              "state": "passed",
              "speed": "slow",
              "pass": true,
              "fail": false,
              "pending": false,
              "context": "[\n  {\n    \"title\": \"Screenshot\",\n    \"value\": \"screenshots/Home.feature/Alex (5).png\"\n  },\n  {\n    \"title\": \"Screenshot\",\n    \"value\": \"screenshots/Home.feature/Tela acessada com Sucesso (5).png\"\n  },\n  {\n    \"title\": \"Screenshot\",\n    \"value\": \"screenshots/Home.feature/Campo texto Preenchido (6).png\"\n  },\n  {\n    \"title\": \"Screenshot\",\n    \"value\": \"screenshots/Home.feature/Campo texto Preenchido (7).png\"\n  },\n  {\n    \"title\": \"Screenshot\",\n    \"value\": \"screenshots/Home.feature/Campo texto Preenchido (8).png\"\n  },\n  {\n    \"title\": \"Screenshot\",\n    \"value\": \"screenshots/Home.feature/Usuário Cadastrado (4).png\"\n  },\n  {\n    \"title\": \"Screenshot\",\n    \"value\": \"screenshots/Home.feature/Texto Validado (6).png\"\n  }\n]",
              "code": "const state = window.testState;\nreturn cy\n  .then(() => state.onStartScenario(scenario, indexedSteps))\n  .then(() =>\n    resolveAndRunBeforeHooks.call(this, scenario.tags, state.feature.name)\n  )\n  .then(() =>\n    indexedSteps.forEach((step) =>\n      stepTest.call(this, state, step, rowData)\n    )\n  )\n  .then(() =>\n    resolveAndRunAfterHooks.call(this, scenario.tags, state.feature.name)\n  )\n  .then(() => state.onFinishScenario(scenario));",
              "err": {},
              "uuid": "07787c57-ca6b-47b3-a248-f8c466970dda",
              "parentUUID": "578cba75-6938-47de-8297-b40c6243476a",
              "isHook": false,
              "skipped": false
            },
            {
              "title": "Validar Mensagem de Campo Email Incorreto - Email Inválido - Cenario 7 (example #1)",
              "fullTitle": "Realizar Testes da Interface de Cadastro de Usuarios da Stefanini Validar Mensagem de Campo Email Incorreto - Email Inválido - Cenario 7 (example #1)",
              "timedOut": null,
              "duration": 5565,
              "state": "passed",
              "speed": "slow",
              "pass": true,
              "fail": false,
              "pending": false,
              "context": "[\n  {\n    \"title\": \"Screenshot\",\n    \"value\": \"screenshots/Home.feature/Alex (6).png\"\n  },\n  {\n    \"title\": \"Screenshot\",\n    \"value\": \"screenshots/Home.feature/Tela acessada com Sucesso (6).png\"\n  },\n  {\n    \"title\": \"Screenshot\",\n    \"value\": \"screenshots/Home.feature/Campo texto Preenchido (9).png\"\n  },\n  {\n    \"title\": \"Screenshot\",\n    \"value\": \"screenshots/Home.feature/Campo texto Preenchido (10).png\"\n  },\n  {\n    \"title\": \"Screenshot\",\n    \"value\": \"screenshots/Home.feature/Campo texto Preenchido (11).png\"\n  },\n  {\n    \"title\": \"Screenshot\",\n    \"value\": \"screenshots/Home.feature/Usuário Cadastrado (5).png\"\n  },\n  {\n    \"title\": \"Screenshot\",\n    \"value\": \"screenshots/Home.feature/Texto Validado (7).png\"\n  }\n]",
              "code": "const state = window.testState;\nreturn cy\n  .then(() => state.onStartScenario(scenario, indexedSteps))\n  .then(() =>\n    resolveAndRunBeforeHooks.call(this, scenario.tags, state.feature.name)\n  )\n  .then(() =>\n    indexedSteps.forEach((step) =>\n      stepTest.call(this, state, step, rowData)\n    )\n  )\n  .then(() =>\n    resolveAndRunAfterHooks.call(this, scenario.tags, state.feature.name)\n  )\n  .then(() => state.onFinishScenario(scenario));",
              "err": {},
              "uuid": "8b9b455b-2f0d-47a7-8143-6083839a8d64",
              "parentUUID": "578cba75-6938-47de-8297-b40c6243476a",
              "isHook": false,
              "skipped": false
            },
            {
              "title": "Validar Mensagem do Campo Senha com quantidade de caracter Inválida - Senha Inválido - Cenario 8 (example #1)",
              "fullTitle": "Realizar Testes da Interface de Cadastro de Usuarios da Stefanini Validar Mensagem do Campo Senha com quantidade de caracter Inválida - Senha Inválido - Cenario 8 (example #1)",
              "timedOut": null,
              "duration": 6358,
              "state": "passed",
              "speed": "slow",
              "pass": true,
              "fail": false,
              "pending": false,
              "context": "[\n  {\n    \"title\": \"Screenshot\",\n    \"value\": \"screenshots/Home.feature/Alex (7).png\"\n  },\n  {\n    \"title\": \"Screenshot\",\n    \"value\": \"screenshots/Home.feature/Tela acessada com Sucesso (7).png\"\n  },\n  {\n    \"title\": \"Screenshot\",\n    \"value\": \"screenshots/Home.feature/Campo texto Preenchido (12).png\"\n  },\n  {\n    \"title\": \"Screenshot\",\n    \"value\": \"screenshots/Home.feature/Campo texto Preenchido (13).png\"\n  },\n  {\n    \"title\": \"Screenshot\",\n    \"value\": \"screenshots/Home.feature/Campo texto Preenchido (14).png\"\n  },\n  {\n    \"title\": \"Screenshot\",\n    \"value\": \"screenshots/Home.feature/Usuário Cadastrado (6).png\"\n  },\n  {\n    \"title\": \"Screenshot\",\n    \"value\": \"screenshots/Home.feature/Texto Validado (8).png\"\n  }\n]",
              "code": "const state = window.testState;\nreturn cy\n  .then(() => state.onStartScenario(scenario, indexedSteps))\n  .then(() =>\n    resolveAndRunBeforeHooks.call(this, scenario.tags, state.feature.name)\n  )\n  .then(() =>\n    indexedSteps.forEach((step) =>\n      stepTest.call(this, state, step, rowData)\n    )\n  )\n  .then(() =>\n    resolveAndRunAfterHooks.call(this, scenario.tags, state.feature.name)\n  )\n  .then(() => state.onFinishScenario(scenario));",
              "err": {},
              "uuid": "ad8cad39-4408-4a4a-8f92-183a6ba38f96",
              "parentUUID": "578cba75-6938-47de-8297-b40c6243476a",
              "isHook": false,
              "skipped": false
            },
            {
              "title": "Cadastrar Usuario - Cenario 9",
              "fullTitle": "Realizar Testes da Interface de Cadastro de Usuarios da Stefanini Cadastrar Usuario - Cenario 9",
              "timedOut": null,
              "duration": 7630,
              "state": "passed",
              "speed": "slow",
              "pass": true,
              "fail": false,
              "pending": false,
              "context": "[\n  {\n    \"title\": \"Screenshot\",\n    \"value\": \"screenshots/Home.feature/Alex (8).png\"\n  },\n  {\n    \"title\": \"Screenshot\",\n    \"value\": \"screenshots/Home.feature/Tela acessada com Sucesso (8).png\"\n  },\n  {\n    \"title\": \"Screenshot\",\n    \"value\": \"screenshots/Home.feature/Campo texto Preenchido (15).png\"\n  },\n  {\n    \"title\": \"Screenshot\",\n    \"value\": \"screenshots/Home.feature/Campo texto Preenchido (16).png\"\n  },\n  {\n    \"title\": \"Screenshot\",\n    \"value\": \"screenshots/Home.feature/Campo texto Preenchido (17).png\"\n  },\n  {\n    \"title\": \"Screenshot\",\n    \"value\": \"screenshots/Home.feature/Usuário Cadastrado (7).png\"\n  },\n  {\n    \"title\": \"Screenshot\",\n    \"value\": \"screenshots/Home.feature/Texto Validado (9).png\"\n  }\n]",
              "code": "const state = window.testState;\nreturn cy\n  .then(() => state.onStartScenario(scenario, indexedSteps))\n  .then(() =>\n    resolveAndRunBeforeHooks.call(this, scenario.tags, state.feature.name)\n  )\n  .then(() =>\n    indexedSteps.forEach((step) =>\n      stepTest.call(this, state, step, rowData)\n    )\n  )\n  .then(() =>\n    resolveAndRunAfterHooks.call(this, scenario.tags, state.feature.name)\n  )\n  .then(() => state.onFinishScenario(scenario));",
              "err": {},
              "uuid": "4ec1501e-733d-4a79-b1d9-0f5ca522004f",
              "parentUUID": "578cba75-6938-47de-8297-b40c6243476a",
              "isHook": false,
              "skipped": false
            },
            {
              "title": "Cadastrar Usuarios - Cadastrar Dois Usuários - Cenario 10",
              "fullTitle": "Realizar Testes da Interface de Cadastro de Usuarios da Stefanini Cadastrar Usuarios - Cadastrar Dois Usuários - Cenario 10",
              "timedOut": null,
              "duration": 12421,
              "state": "passed",
              "speed": "slow",
              "pass": true,
              "fail": false,
              "pending": false,
              "context": "[\n  {\n    \"title\": \"Screenshot\",\n    \"value\": \"screenshots/Home.feature/Alex (9).png\"\n  },\n  {\n    \"title\": \"Screenshot\",\n    \"value\": \"screenshots/Home.feature/Tela acessada com Sucesso (9).png\"\n  },\n  {\n    \"title\": \"Screenshot\",\n    \"value\": \"screenshots/Home.feature/Campo texto Preenchido (18).png\"\n  },\n  {\n    \"title\": \"Screenshot\",\n    \"value\": \"screenshots/Home.feature/Campo texto Preenchido (19).png\"\n  },\n  {\n    \"title\": \"Screenshot\",\n    \"value\": \"screenshots/Home.feature/Campo texto Preenchido (20).png\"\n  },\n  {\n    \"title\": \"Screenshot\",\n    \"value\": \"screenshots/Home.feature/Usuário Cadastrado (8).png\"\n  },\n  {\n    \"title\": \"Screenshot\",\n    \"value\": \"screenshots/Home.feature/Campo texto Preenchido (21).png\"\n  },\n  {\n    \"title\": \"Screenshot\",\n    \"value\": \"screenshots/Home.feature/Campo texto Preenchido (22).png\"\n  },\n  {\n    \"title\": \"Screenshot\",\n    \"value\": \"screenshots/Home.feature/Campo texto Preenchido (23).png\"\n  },\n  {\n    \"title\": \"Screenshot\",\n    \"value\": \"screenshots/Home.feature/Usuário Cadastrado (9).png\"\n  },\n  {\n    \"title\": \"Screenshot\",\n    \"value\": \"screenshots/Home.feature/Texto Validado (10).png\"\n  },\n  {\n    \"title\": \"Screenshot\",\n    \"value\": \"screenshots/Home.feature/Texto Validado (11).png\"\n  }\n]",
              "code": "const state = window.testState;\nreturn cy\n  .then(() => state.onStartScenario(scenario, indexedSteps))\n  .then(() =>\n    resolveAndRunBeforeHooks.call(this, scenario.tags, state.feature.name)\n  )\n  .then(() =>\n    indexedSteps.forEach((step) =>\n      stepTest.call(this, state, step, rowData)\n    )\n  )\n  .then(() =>\n    resolveAndRunAfterHooks.call(this, scenario.tags, state.feature.name)\n  )\n  .then(() => state.onFinishScenario(scenario));",
              "err": {},
              "uuid": "9a00c226-3105-4cd9-93b8-79dc35b54210",
              "parentUUID": "578cba75-6938-47de-8297-b40c6243476a",
              "isHook": false,
              "skipped": false
            },
            {
              "title": "Excluir o Primeiro Usuario Cadastrado - Excluir Usuário - Cenario 11",
              "fullTitle": "Realizar Testes da Interface de Cadastro de Usuarios da Stefanini Excluir o Primeiro Usuario Cadastrado - Excluir Usuário - Cenario 11",
              "timedOut": null,
              "duration": 14750,
              "state": "passed",
              "speed": "slow",
              "pass": true,
              "fail": false,
              "pending": false,
              "context": "[\n  {\n    \"title\": \"Screenshot\",\n    \"value\": \"screenshots/Home.feature/Alex (10).png\"\n  },\n  {\n    \"title\": \"Screenshot\",\n    \"value\": \"screenshots/Home.feature/Tela acessada com Sucesso (10).png\"\n  },\n  {\n    \"title\": \"Screenshot\",\n    \"value\": \"screenshots/Home.feature/Campo texto Preenchido (24).png\"\n  },\n  {\n    \"title\": \"Screenshot\",\n    \"value\": \"screenshots/Home.feature/Campo texto Preenchido (25).png\"\n  },\n  {\n    \"title\": \"Screenshot\",\n    \"value\": \"screenshots/Home.feature/Campo texto Preenchido (26).png\"\n  },\n  {\n    \"title\": \"Screenshot\",\n    \"value\": \"screenshots/Home.feature/Usuário Cadastrado (10).png\"\n  },\n  {\n    \"title\": \"Screenshot\",\n    \"value\": \"screenshots/Home.feature/Campo texto Preenchido (27).png\"\n  },\n  {\n    \"title\": \"Screenshot\",\n    \"value\": \"screenshots/Home.feature/Campo texto Preenchido (28).png\"\n  },\n  {\n    \"title\": \"Screenshot\",\n    \"value\": \"screenshots/Home.feature/Campo texto Preenchido (29).png\"\n  },\n  {\n    \"title\": \"Screenshot\",\n    \"value\": \"screenshots/Home.feature/Usuário Cadastrado (11).png\"\n  },\n  {\n    \"title\": \"Screenshot\",\n    \"value\": \"screenshots/Home.feature/Texto Validado (12).png\"\n  },\n  {\n    \"title\": \"Screenshot\",\n    \"value\": \"screenshots/Home.feature/Texto Validado (13).png\"\n  },\n  {\n    \"title\": \"Screenshot\",\n    \"value\": \"screenshots/Home.feature/Usuário Excluido.png\"\n  }\n]",
              "code": "const state = window.testState;\nreturn cy\n  .then(() => state.onStartScenario(scenario, indexedSteps))\n  .then(() =>\n    resolveAndRunBeforeHooks.call(this, scenario.tags, state.feature.name)\n  )\n  .then(() =>\n    indexedSteps.forEach((step) =>\n      stepTest.call(this, state, step, rowData)\n    )\n  )\n  .then(() =>\n    resolveAndRunAfterHooks.call(this, scenario.tags, state.feature.name)\n  )\n  .then(() => state.onFinishScenario(scenario));",
              "err": {},
              "uuid": "1e103283-8fbf-4501-b436-a1d42374d84d",
              "parentUUID": "578cba75-6938-47de-8297-b40c6243476a",
              "isHook": false,
              "skipped": false
            }
          ],
          "suites": [],
          "passes": [
            "f4a655e1-598d-46e6-b239-a4ee766484e9",
            "609c8c81-475e-4160-a55f-43f7daf78e0a",
            "e9c3c8ed-e831-4af3-9252-5ea0f50d1a4b",
            "6fd6d406-3983-4aa2-b3d8-732eaff64223",
            "97a0576e-9b52-4c14-81ea-e0b38d0d01c6",
            "07787c57-ca6b-47b3-a248-f8c466970dda",
            "8b9b455b-2f0d-47a7-8143-6083839a8d64",
            "ad8cad39-4408-4a4a-8f92-183a6ba38f96",
            "4ec1501e-733d-4a79-b1d9-0f5ca522004f",
            "9a00c226-3105-4cd9-93b8-79dc35b54210",
            "1e103283-8fbf-4501-b436-a1d42374d84d"
          ],
          "failures": [],
          "pending": [],
          "skipped": [],
          "duration": 74252,
          "root": false,
          "rootEmpty": false,
          "_timeout": 2000
        }
      ],
      "passes": [],
      "failures": [],
      "pending": [],
      "skipped": [],
      "duration": 0,
      "root": true,
      "rootEmpty": true,
      "_timeout": 2000
    }
  ],
  "meta": {
    "mocha": {
      "version": "7.0.1"
    },
    "mochawesome": {
      "options": {
        "quiet": false,
        "reportFilename": "mochawesome",
        "saveHtml": false,
        "saveJson": true,
        "consoleReporter": "spec",
        "useInlineDiffs": false,
        "code": true
      },
      "version": "6.2.2"
    },
    "marge": {
      "options": {
        "reportDir": "cypress/report/mochawesome-report",
        "overwrite": false,
        "html": false,
        "json": true,
        "timestamp": "mmddyyyy_HHMMss",
        "reportTitle": "Report da Execucação",
        "cdn": true,
        "charts": true
      },
      "version": "5.2.0"
    }
  }
}